Loading cs402-mpi
  Loading requirement: gcc9
+++++++++++++++++++++
  Running deqn v0.1  
- input file: square_custom
- dt_max: 0.2
- initial_dt: 0.04
- start_time: 0
- end_time: 0.8
- vis_frequency: 1
- summary_frequency: 1
+++++++++++++++++++++

full_foralloc took 0.00344291 seconds
allocate update took 0.00348554 seconds
new_mesh took 0.00349259 seconds
new_diffusion took 0.132537 seconds
+ step: 1, dt:   0.04
full_for_diffuse took 0.576158 seconds
diffusion took 0.576167 seconds
reset took 0.374516 seconds
boundary_update took 0.000578348 seconds
do_cycle took 0.951274 seconds
full_forreductook 0.248035 seconds
total_temp took 0.248043 seconds
+	current total temperature: 5.625e+08
+ step: 2, dt:   0.04
full_for_diffuse took 0.363116 seconds
diffusion took 0.363126 seconds
reset took 0.37344 seconds
boundary_update took 0.000620867 seconds
do_cycle took 0.737198 seconds
full_forreductook 0.244394 seconds
total_temp took 0.244402 seconds
+	current total temperature: 5.625e+08
+ step: 3, dt:   0.04
full_for_diffuse took 0.363377 seconds
diffusion took 0.363387 seconds
reset took 0.375034 seconds
boundary_update took 0.028684 seconds
do_cycle took 0.767137 seconds
full_forreductook 0.242306 seconds
total_temp took 0.242314 seconds
+	current total temperature: 5.625e+08
+ step: 4, dt:   0.04
full_for_diffuse took 0.357465 seconds
diffusion took 0.357474 seconds
reset took 0.378362 seconds
boundary_update took 0.000465919 seconds
do_cycle took 0.736326 seconds
full_forreductook 0.261396 seconds
total_temp took 0.261402 seconds
+	current total temperature: 5.625e+08
+ step: 5, dt:   0.04
full_for_diffuse took 0.353486 seconds
diffusion took 0.353495 seconds
reset took 0.353147 seconds
boundary_update took 0.000467254 seconds
do_cycle took 0.707121 seconds
full_forreductook 0.241418 seconds
total_temp took 0.241426 seconds
+	current total temperature: 5.625e+08
+ step: 6, dt:   0.04
full_for_diffuse took 0.347235 seconds
diffusion took 0.347244 seconds
reset took 0.345587 seconds
boundary_update took 0.000427156 seconds
do_cycle took 0.693283 seconds
full_forreductook 0.233224 seconds
total_temp took 0.233233 seconds
+	current total temperature: 5.625e+08
+ step: 7, dt:   0.04
full_for_diffuse took 0.372754 seconds
diffusion took 0.372763 seconds
reset took 0.316511 seconds
boundary_update took 0.000420891 seconds
do_cycle took 0.689708 seconds
full_forreductook 0.227695 seconds
total_temp took 0.227704 seconds
+	current total temperature: 5.625e+08
+ step: 8, dt:   0.04
full_for_diffuse took 0.368825 seconds
diffusion took 0.368846 seconds
reset took 0.30955 seconds
boundary_update took 0.000416202 seconds
do_cycle took 0.678823 seconds
full_forreductook 0.220226 seconds
total_temp took 0.220234 seconds
+	current total temperature: 5.625e+08
+ step: 9, dt:   0.04
full_for_diffuse took 0.369445 seconds
diffusion took 0.369455 seconds
reset took 0.311751 seconds
boundary_update took 0.000414071 seconds
do_cycle took 0.681631 seconds
full_forreductook 0.211235 seconds
total_temp took 0.211243 seconds
+	current total temperature: 5.625e+08
+ step: 10, dt:   0.04
full_for_diffuse took 0.347233 seconds
diffusion took 0.347241 seconds
reset took 0.308105 seconds
boundary_update took 0.000415143 seconds
do_cycle took 0.655773 seconds
full_forreductook 0.212928 seconds
total_temp took 0.212935 seconds
+	current total temperature: 5.625e+08
+ step: 10, dt:   0.04
full_for_diffuse took 0.339901 seconds
diffusion took 0.33991 seconds
reset took 0.304026 seconds
boundary_update took 0.0295589 seconds
do_cycle took 0.673514 seconds
full_forreductook 0.209142 seconds
total_temp took 0.209151 seconds
+	current total temperature: 5.625e+08
+ step: 11, dt:   0.04
full_for_diffuse took 0.341969 seconds
diffusion took 0.341975 seconds
reset took 0.296526 seconds
boundary_update took 0.030501 seconds
do_cycle took 0.66902 seconds
full_forreductook 0.207615 seconds
total_temp took 0.207625 seconds
+	current total temperature: 5.625e+08
+ step: 12, dt:   0.04
full_for_diffuse took 0.343275 seconds
diffusion took 0.343281 seconds
reset took 0.28765 seconds
boundary_update took 0.000398932 seconds
do_cycle took 0.631352 seconds
full_forreductook 0.207734 seconds
total_temp took 0.207743 seconds
+	current total temperature: 5.625e+08
+ step: 13, dt:   0.04
full_for_diffuse took 0.415688 seconds
diffusion took 0.415699 seconds
reset took 0.382272 seconds
boundary_update took 0.000410205 seconds
do_cycle took 0.798394 seconds
full_forreductook 0.212997 seconds
total_temp took 0.213006 seconds
+	current total temperature: 5.625e+08
+ step: 14, dt:   0.04
full_for_diffuse took 0.356794 seconds
diffusion took 0.356801 seconds
reset took 0.298528 seconds
boundary_update took 0.000454463 seconds
do_cycle took 0.655793 seconds
full_forreductook 0.189876 seconds
total_temp took 0.189892 seconds
+	current total temperature: 5.625e+08
+ step: 16, dt:   0.04
full_for_diffuse took 0.351718 seconds
diffusion took 0.351724 seconds
reset took 0.298414 seconds
boundary_update took 0.000441498 seconds
do_cycle took 0.650588 seconds
full_forreductook 0.190807 seconds
total_temp took 0.190823 seconds
+	current total temperature: 5.625e+08
+ step: 17, dt:   0.04
full_for_diffuse took 0.345658 seconds
diffusion took 0.345674 seconds
reset took 0.297901 seconds
boundary_update took 0.000456964 seconds
do_cycle took 0.644041 seconds
full_forreductook 0.189774 seconds
total_temp took 0.189778 seconds
+	current total temperature: 5.625e+08
+ step: 18, dt:   0.04
full_for_diffuse took 0.351278 seconds
diffusion took 0.351284 seconds
reset took 0.296894 seconds
boundary_update took 0.000457172 seconds
do_cycle took 0.648644 seconds
full_forreductook 0.190023 seconds
total_temp took 0.190027 seconds
+	current total temperature: 5.625e+08
+ step: 19, dt:   0.04
full_for_diffuse took 0.352305 seconds
diffusion took 0.352324 seconds
reset took 0.299858 seconds
boundary_update took 0.000578948 seconds
do_cycle took 0.65278 seconds
full_forreductook 0.189851 seconds
total_temp took 0.189856 seconds
+	current total temperature: 5.625e+08
+ step: 20, dt:   0.04
full_for_diffuse took 0.352943 seconds
diffusion took 0.352949 seconds
reset took 0.299007 seconds
boundary_update took 0.000693228 seconds
do_cycle took 0.652676 seconds
full_forreductook 0.190476 seconds
total_temp took 0.19048 seconds
+	current total temperature: 5.625e+08

+++++++++++++++++++++
   Run completete.   
+++++++++++++++++++++
driver.run() took 18.2972 seconds
