Loading cs402-mpi
  Loading requirement: gcc9
+++++++++++++++++++++
  Running deqn v0.1  
- input file: square_custom
- dt_max: 0.2
- initial_dt: 0.04
- start_time: 0
- end_time: 0.8
- vis_frequency: 1
- summary_frequency: 1
+++++++++++++++++++++

full_foralloc took 0.0109731 seconds
allocate update took 0.0110158 seconds
new_mesh took 0.0110227 seconds
new_diffusion took 0.134159 seconds
+ step: 1, dt:   0.04
full_for_diffuse took 0.957142 seconds
diffusion took 0.957154 seconds
reset took 0.389718 seconds
boundary_update took 0.0107971 seconds
do_cycle took 1.3577 seconds
full_forreductook 0.21215 seconds
total_temp took 0.212156 seconds
+	current total temperature: 5.625e+08
+ step: 2, dt:   0.04
full_for_diffuse took 0.740674 seconds
diffusion took 0.74068 seconds
reset took 0.349282 seconds
boundary_update took 0.0003837 seconds
do_cycle took 1.09035 seconds
full_forreductook 0.203087 seconds
total_temp took 0.203095 seconds
+	current total temperature: 5.625e+08
+ step: 3, dt:   0.04
full_for_diffuse took 0.690667 seconds
diffusion took 0.690677 seconds
reset took 0.32227 seconds
boundary_update took 0.000401559 seconds
do_cycle took 1.01337 seconds
full_forreductook 0.189087 seconds
total_temp took 0.189092 seconds
+	current total temperature: 5.625e+08
+ step: 4, dt:   0.04
full_for_diffuse took 0.723236 seconds
diffusion took 0.72325 seconds
reset took 0.329166 seconds
boundary_update took 0.0007207 seconds
do_cycle took 1.05315 seconds
full_forreductook 0.191157 seconds
total_temp took 0.191167 seconds
+	current total temperature: 5.625e+08
+ step: 5, dt:   0.04
full_for_diffuse took 0.721016 seconds
diffusion took 0.721025 seconds
reset took 0.325105 seconds
boundary_update took 0.000729301 seconds
do_cycle took 1.04689 seconds
full_forreductook 0.188622 seconds
total_temp took 0.188627 seconds
+	current total temperature: 5.625e+08
+ step: 6, dt:   0.04
full_for_diffuse took 0.697477 seconds
diffusion took 0.697485 seconds
reset took 0.309971 seconds
boundary_update took 0.000383489 seconds
do_cycle took 1.00785 seconds
full_forreductook 0.186564 seconds
total_temp took 0.186569 seconds
+	current total temperature: 5.625e+08
+ step: 7, dt:   0.04
full_for_diffuse took 0.689895 seconds
diffusion took 0.689905 seconds
reset took 0.318945 seconds
boundary_update took 0.000392164 seconds
do_cycle took 1.00925 seconds
full_forreductook 0.189309 seconds
total_temp took 0.189319 seconds
+	current total temperature: 5.625e+08
+ step: 8, dt:   0.04
full_for_diffuse took 0.706372 seconds
diffusion took 0.706379 seconds
reset took 0.316777 seconds
boundary_update took 0.000412125 seconds
do_cycle took 1.02358 seconds
full_forreductook 0.188513 seconds
total_temp took 0.188522 seconds
+	current total temperature: 5.625e+08
+ step: 9, dt:   0.04
full_for_diffuse took 0.703454 seconds
diffusion took 0.70346 seconds
reset took 0.313602 seconds
boundary_update took 0.000674917 seconds
do_cycle took 1.01776 seconds
full_forreductook 0.186945 seconds
total_temp took 0.186951 seconds
+	current total temperature: 5.625e+08
+ step: 10, dt:   0.04
full_for_diffuse took 0.684853 seconds
diffusion took 0.68487 seconds
reset took 0.310321 seconds
boundary_update took 0.00040737 seconds
do_cycle took 0.995607 seconds
full_forreductook 0.186963 seconds
total_temp took 0.186969 seconds
+	current total temperature: 5.625e+08
+ step: 10, dt:   0.04
full_for_diffuse took 0.684618 seconds
diffusion took 0.684623 seconds
reset took 0.31101 seconds
boundary_update took 0.000386692 seconds
do_cycle took 0.996028 seconds
full_forreductook 0.186496 seconds
total_temp took 0.186503 seconds
+	current total temperature: 5.625e+08
+ step: 11, dt:   0.04
full_for_diffuse took 0.686094 seconds
diffusion took 0.686104 seconds
reset took 0.318032 seconds
boundary_update took 0.000402345 seconds
do_cycle took 1.00455 seconds
full_forreductook 0.188999 seconds
total_temp took 0.189005 seconds
+	current total temperature: 5.625e+08
+ step: 12, dt:   0.04
full_for_diffuse took 0.688742 seconds
diffusion took 0.688751 seconds
reset took 0.325021 seconds
boundary_update took 0.000406641 seconds
do_cycle took 1.01419 seconds
full_forreductook 0.189723 seconds
total_temp took 0.18973 seconds
+	current total temperature: 5.625e+08
+ step: 13, dt:   0.04
full_for_diffuse took 0.717658 seconds
diffusion took 0.717675 seconds
reset took 0.327885 seconds
boundary_update took 0.000490993 seconds
do_cycle took 1.04606 seconds
full_forreductook 0.189914 seconds
total_temp took 0.18992 seconds
+	current total temperature: 5.625e+08
+ step: 14, dt:   0.04
full_for_diffuse took 0.724909 seconds
diffusion took 0.724918 seconds
reset took 0.329123 seconds
boundary_update took 0.000579267 seconds
do_cycle took 1.05465 seconds
full_forreductook 0.188752 seconds
total_temp took 0.188757 seconds
+	current total temperature: 5.625e+08
+ step: 16, dt:   0.04
full_for_diffuse took 0.695848 seconds
diffusion took 0.695855 seconds
reset took 0.310127 seconds
boundary_update took 0.000523665 seconds
do_cycle took 1.00651 seconds
full_forreductook 0.186614 seconds
total_temp took 0.18662 seconds
+	current total temperature: 5.625e+08
+ step: 17, dt:   0.04
full_for_diffuse took 0.685048 seconds
diffusion took 0.685053 seconds
reset took 0.309455 seconds
boundary_update took 0.000376715 seconds
do_cycle took 0.994893 seconds
full_forreductook 0.186552 seconds
total_temp took 0.186558 seconds
+	current total temperature: 5.625e+08
+ step: 18, dt:   0.04
full_for_diffuse took 0.688516 seconds
diffusion took 0.688525 seconds
reset took 0.316938 seconds
boundary_update took 0.000415206 seconds
do_cycle took 1.00589 seconds
full_forreductook 0.187938 seconds
total_temp took 0.187942 seconds
+	current total temperature: 5.625e+08
+ step: 19, dt:   0.04
full_for_diffuse took 0.703326 seconds
diffusion took 0.703331 seconds
reset took 0.313217 seconds
boundary_update took 0.000389458 seconds
do_cycle took 1.01696 seconds
full_forreductook 0.186824 seconds
total_temp took 0.18683 seconds
+	current total temperature: 5.625e+08
+ step: 20, dt:   0.04
full_for_diffuse took 0.68498 seconds
diffusion took 0.684996 seconds
reset took 0.310088 seconds
boundary_update took 0.000370578 seconds
do_cycle took 0.995463 seconds
full_forreductook 0.18657 seconds
total_temp took 0.186575 seconds
+	current total temperature: 5.625e+08

+++++++++++++++++++++
   Run completete.   
+++++++++++++++++++++
driver.run() took 24.5524 seconds
