Loading cs402-mpi
  Loading requirement: gcc9
+++++++++++++++++++++
  Running deqn v0.1  
- input file: square_custom
- dt_max: 0.2
- initial_dt: 0.04
- start_time: 0
- end_time: 0.8
- vis_frequency: 1
- summary_frequency: 1
+++++++++++++++++++++

full_foralloc took 0.00805389 seconds
allocate update took 0.00808447 seconds
new_mesh took 0.00809115 seconds
new_diffusion took 0.136789 seconds
+ step: 1, dt:   0.04
full_for_diffuse took 0.959337 seconds
diffusion took 0.95935 seconds
reset took 0.454115 seconds
boundary_update took 0.00871392 seconds
do_cycle took 1.42221 seconds
full_forreductook 0.262664 seconds
total_temp took 0.26267 seconds
+	current total temperature: 5.625e+08
+ step: 2, dt:   0.04
full_for_diffuse took 0.747925 seconds
diffusion took 0.747932 seconds
reset took 0.369484 seconds
boundary_update took 0.000376932 seconds
do_cycle took 1.11781 seconds
full_forreductook 0.207611 seconds
total_temp took 0.20762 seconds
+	current total temperature: 5.625e+08
+ step: 3, dt:   0.04
full_for_diffuse took 0.722049 seconds
diffusion took 0.722057 seconds
reset took 0.325835 seconds
boundary_update took 0.000389821 seconds
do_cycle took 1.04829 seconds
full_forreductook 0.194003 seconds
total_temp took 0.194008 seconds
+	current total temperature: 5.625e+08
+ step: 4, dt:   0.04
full_for_diffuse took 0.725233 seconds
diffusion took 0.725249 seconds
reset took 0.327872 seconds
boundary_update took 0.000408345 seconds
do_cycle took 1.05354 seconds
full_forreductook 0.193526 seconds
total_temp took 0.193531 seconds
+	current total temperature: 5.625e+08
+ step: 5, dt:   0.04
full_for_diffuse took 0.71428 seconds
diffusion took 0.714285 seconds
reset took 0.328638 seconds
boundary_update took 0.000552995 seconds
do_cycle took 1.04349 seconds
full_forreductook 0.193365 seconds
total_temp took 0.193369 seconds
+	current total temperature: 5.625e+08
+ step: 6, dt:   0.04
full_for_diffuse took 0.692345 seconds
diffusion took 0.692354 seconds
reset took 0.318466 seconds
boundary_update took 0.000402716 seconds
do_cycle took 1.01124 seconds
full_forreductook 0.18627 seconds
total_temp took 0.186276 seconds
+	current total temperature: 5.625e+08
+ step: 7, dt:   0.04
full_for_diffuse took 0.703841 seconds
diffusion took 0.703849 seconds
reset took 0.317113 seconds
boundary_update took 0.00070836 seconds
do_cycle took 1.02168 seconds
full_forreductook 0.187139 seconds
total_temp took 0.187148 seconds
+	current total temperature: 5.625e+08
+ step: 8, dt:   0.04
full_for_diffuse took 0.720523 seconds
diffusion took 0.720533 seconds
reset took 0.327204 seconds
boundary_update took 0.000394814 seconds
do_cycle took 1.04816 seconds
full_forreductook 0.19601 seconds
total_temp took 0.196015 seconds
+	current total temperature: 5.625e+08
+ step: 9, dt:   0.04
full_for_diffuse took 0.711566 seconds
diffusion took 0.711576 seconds
reset took 0.320434 seconds
boundary_update took 0.000382111 seconds
do_cycle took 1.0324 seconds
full_forreductook 0.186042 seconds
total_temp took 0.186046 seconds
+	current total temperature: 5.625e+08
+ step: 10, dt:   0.04
full_for_diffuse took 0.703536 seconds
diffusion took 0.703544 seconds
reset took 0.317986 seconds
boundary_update took 0.00043105 seconds
do_cycle took 1.02197 seconds
full_forreductook 0.185178 seconds
total_temp took 0.185183 seconds
+	current total temperature: 5.625e+08
+ step: 10, dt:   0.04
full_for_diffuse took 0.705506 seconds
diffusion took 0.705513 seconds
reset took 0.335282 seconds
boundary_update took 0.000429442 seconds
do_cycle took 1.04124 seconds
full_forreductook 0.194834 seconds
total_temp took 0.19484 seconds
+	current total temperature: 5.625e+08
+ step: 11, dt:   0.04
full_for_diffuse took 0.722485 seconds
diffusion took 0.722495 seconds
reset took 0.315082 seconds
boundary_update took 0.000379399 seconds
do_cycle took 1.03797 seconds
full_forreductook 0.173672 seconds
total_temp took 0.173677 seconds
+	current total temperature: 5.625e+08
+ step: 12, dt:   0.04
full_for_diffuse took 0.685469 seconds
diffusion took 0.685483 seconds
reset took 0.309549 seconds
boundary_update took 0.000387572 seconds
do_cycle took 0.995439 seconds
full_forreductook 0.173516 seconds
total_temp took 0.173522 seconds
+	current total temperature: 5.625e+08
+ step: 13, dt:   0.04
full_for_diffuse took 0.684797 seconds
diffusion took 0.684803 seconds
reset took 0.309851 seconds
boundary_update took 0.000384508 seconds
do_cycle took 0.995061 seconds
full_forreductook 0.173879 seconds
total_temp took 0.173884 seconds
+	current total temperature: 5.625e+08
+ step: 14, dt:   0.04
full_for_diffuse took 0.68731 seconds
diffusion took 0.68732 seconds
reset took 0.322724 seconds
boundary_update took 0.000703877 seconds
do_cycle took 1.01076 seconds
full_forreductook 0.192358 seconds
total_temp took 0.192365 seconds
+	current total temperature: 5.625e+08
+ step: 16, dt:   0.04
full_for_diffuse took 0.688439 seconds
diffusion took 0.688446 seconds
reset took 0.310104 seconds
boundary_update took 0.000543944 seconds
do_cycle took 0.999102 seconds
full_forreductook 0.173671 seconds
total_temp took 0.173677 seconds
+	current total temperature: 5.625e+08
+ step: 17, dt:   0.04
full_for_diffuse took 0.685382 seconds
diffusion took 0.685387 seconds
reset took 0.310908 seconds
boundary_update took 0.000373428 seconds
do_cycle took 0.996678 seconds
full_forreductook 0.173831 seconds
total_temp took 0.173839 seconds
+	current total temperature: 5.625e+08
+ step: 18, dt:   0.04
full_for_diffuse took 0.686682 seconds
diffusion took 0.686687 seconds
reset took 0.310357 seconds
boundary_update took 0.000389575 seconds
do_cycle took 0.997442 seconds
full_forreductook 0.17371 seconds
total_temp took 0.173718 seconds
+	current total temperature: 5.625e+08
+ step: 19, dt:   0.04
full_for_diffuse took 0.686975 seconds
diffusion took 0.686982 seconds
reset took 0.310438 seconds
boundary_update took 0.000382682 seconds
do_cycle took 0.99781 seconds
full_forreductook 0.173668 seconds
total_temp took 0.173679 seconds
+	current total temperature: 5.625e+08
+ step: 20, dt:   0.04
full_for_diffuse took 0.685026 seconds
diffusion took 0.685045 seconds
reset took 0.309985 seconds
boundary_update took 0.000388152 seconds
do_cycle took 0.995427 seconds
full_forreductook 0.173534 seconds
total_temp took 0.173539 seconds
+	current total temperature: 5.625e+08

+++++++++++++++++++++
   Run completete.   
+++++++++++++++++++++
driver.run() took 24.6571 seconds
