Loading cs402-mpi
  Loading requirement: gcc9
+++++++++++++++++++++
  Running deqn v0.1  
- input file: square_custom
- dt_max: 0.2
- initial_dt: 0.04
- start_time: 0
- end_time: 0.8
- vis_frequency: 1
- summary_frequency: 1
+++++++++++++++++++++

full_foralloc took 0.00808708 seconds
allocate update took 0.00812586 seconds
new_mesh took 0.00813257 seconds
new_diffusion took 0.13706 seconds
+ step: 1, dt:   0.04
full_for_diffuse took 0.679759 seconds
diffusion took 0.679767 seconds
reset took 0.426328 seconds
boundary_update took 0.124634 seconds
do_cycle took 1.23075 seconds
full_forreductook 0.270816 seconds
total_temp took 0.270821 seconds
+	current total temperature: 5.625e+08
+ step: 2, dt:   0.04
full_for_diffuse took 0.341285 seconds
diffusion took 0.341289 seconds
reset took 0.320976 seconds
boundary_update took 0.0673384 seconds
do_cycle took 0.729628 seconds
full_forreductook 0.220315 seconds
total_temp took 0.220319 seconds
+	current total temperature: 5.625e+08
+ step: 3, dt:   0.04
full_for_diffuse took 0.370265 seconds
diffusion took 0.370272 seconds
reset took 0.327548 seconds
boundary_update took 0.00036211 seconds
do_cycle took 0.698191 seconds
full_forreductook 0.186635 seconds
total_temp took 0.186639 seconds
+	current total temperature: 5.625e+08
+ step: 4, dt:   0.04
full_for_diffuse took 0.339281 seconds
diffusion took 0.339287 seconds
reset took 0.31171 seconds
boundary_update took 0.00038632 seconds
do_cycle took 0.651391 seconds
full_forreductook 0.186243 seconds
total_temp took 0.186247 seconds
+	current total temperature: 5.625e+08
+ step: 5, dt:   0.04
full_for_diffuse took 0.340561 seconds
diffusion took 0.340569 seconds
reset took 0.321275 seconds
boundary_update took 0.000400276 seconds
do_cycle took 0.662252 seconds
full_forreductook 0.1883 seconds
total_temp took 0.188304 seconds
+	current total temperature: 5.625e+08
+ step: 6, dt:   0.04
full_for_diffuse took 0.346439 seconds
diffusion took 0.346443 seconds
reset took 0.326171 seconds
boundary_update took 0.000395468 seconds
do_cycle took 0.673017 seconds
full_forreductook 0.188845 seconds
total_temp took 0.188848 seconds
+	current total temperature: 5.625e+08
+ step: 7, dt:   0.04
full_for_diffuse took 0.352377 seconds
diffusion took 0.352384 seconds
reset took 0.327581 seconds
boundary_update took 0.000394401 seconds
do_cycle took 0.680367 seconds
full_forreductook 0.188824 seconds
total_temp took 0.188828 seconds
+	current total temperature: 5.625e+08
+ step: 8, dt:   0.04
full_for_diffuse took 0.35458 seconds
diffusion took 0.354588 seconds
reset took 0.328852 seconds
boundary_update took 0.000376794 seconds
do_cycle took 0.683825 seconds
full_forreductook 0.18756 seconds
total_temp took 0.18757 seconds
+	current total temperature: 5.625e+08
+ step: 9, dt:   0.04
full_for_diffuse took 0.335666 seconds
diffusion took 0.33567 seconds
reset took 0.311142 seconds
boundary_update took 0.000389069 seconds
do_cycle took 0.647208 seconds
full_forreductook 0.186151 seconds
total_temp took 0.186154 seconds
+	current total temperature: 5.625e+08
+ step: 10, dt:   0.04
full_for_diffuse took 0.337593 seconds
diffusion took 0.337601 seconds
reset took 0.321013 seconds
boundary_update took 0.000386355 seconds
do_cycle took 0.659006 seconds
full_forreductook 0.189118 seconds
total_temp took 0.189123 seconds
+	current total temperature: 5.625e+08
+ step: 10, dt:   0.04
full_for_diffuse took 0.342439 seconds
diffusion took 0.342449 seconds
reset took 0.330556 seconds
boundary_update took 0.00126099 seconds
do_cycle took 0.674277 seconds
full_forreductook 0.189626 seconds
total_temp took 0.189632 seconds
+	current total temperature: 5.625e+08
+ step: 11, dt:   0.04
full_for_diffuse took 0.355666 seconds
diffusion took 0.355675 seconds
reset took 0.327613 seconds
boundary_update took 0.000522415 seconds
do_cycle took 0.683824 seconds
full_forreductook 0.188979 seconds
total_temp took 0.188984 seconds
+	current total temperature: 5.625e+08
+ step: 12, dt:   0.04
full_for_diffuse took 0.34607 seconds
diffusion took 0.346074 seconds
reset took 0.313593 seconds
boundary_update took 0.000544762 seconds
do_cycle took 0.660219 seconds
full_forreductook 0.186541 seconds
total_temp took 0.186546 seconds
+	current total temperature: 5.625e+08
+ step: 13, dt:   0.04
full_for_diffuse took 0.336157 seconds
diffusion took 0.336161 seconds
reset took 0.314327 seconds
boundary_update took 0.000404768 seconds
do_cycle took 0.650904 seconds
full_forreductook 0.188376 seconds
total_temp took 0.18838 seconds
+	current total temperature: 5.625e+08
+ step: 14, dt:   0.04
full_for_diffuse took 0.342546 seconds
diffusion took 0.34255 seconds
reset took 0.328747 seconds
boundary_update took 0.000392127 seconds
do_cycle took 0.671699 seconds
full_forreductook 0.189083 seconds
total_temp took 0.189087 seconds
+	current total temperature: 5.625e+08
+ step: 16, dt:   0.04
full_for_diffuse took 0.345446 seconds
diffusion took 0.345451 seconds
reset took 0.318104 seconds
boundary_update took 0.000393018 seconds
do_cycle took 0.663954 seconds
full_forreductook 0.187402 seconds
total_temp took 0.187406 seconds
+	current total temperature: 5.625e+08
+ step: 17, dt:   0.04
full_for_diffuse took 0.342864 seconds
diffusion took 0.342874 seconds
reset took 0.317385 seconds
boundary_update took 0.000398549 seconds
do_cycle took 0.660664 seconds
full_forreductook 0.188551 seconds
total_temp took 0.188554 seconds
+	current total temperature: 5.625e+08
+ step: 18, dt:   0.04
full_for_diffuse took 0.341857 seconds
diffusion took 0.341864 seconds
reset took 0.328364 seconds
boundary_update took 0.000398237 seconds
do_cycle took 0.670637 seconds
full_forreductook 0.188639 seconds
total_temp took 0.188643 seconds
+	current total temperature: 5.625e+08
+ step: 19, dt:   0.04
full_for_diffuse took 0.351834 seconds
diffusion took 0.351842 seconds
reset took 0.327662 seconds
boundary_update took 0.000399274 seconds
do_cycle took 0.679914 seconds
full_forreductook 0.189052 seconds
total_temp took 0.189056 seconds
+	current total temperature: 5.625e+08
+ step: 20, dt:   0.04
full_for_diffuse took 0.352445 seconds
diffusion took 0.352454 seconds
reset took 0.327701 seconds
boundary_update took 0.000701082 seconds
do_cycle took 0.68087 seconds
full_forreductook 0.189632 seconds
total_temp took 0.189636 seconds
+	current total temperature: 5.625e+08

+++++++++++++++++++++
   Run completete.   
+++++++++++++++++++++
driver.run() took 17.8921 seconds
