Loading cs402-mpi
  Loading requirement: gcc9
+++++++++++++++++++++
  Running deqn v0.1  
- input file: square_custom
- dt_max: 0.2
- initial_dt: 0.04
- start_time: 0
- end_time: 0.8
- vis_frequency: 1
- summary_frequency: 1
+++++++++++++++++++++

full_foralloc took 0.00800139 seconds
allocate update took 0.00805307 seconds
new_mesh took 0.00806772 seconds
new_diffusion took 36.6039 seconds
+ step: 1, dt:   0.04
full_for_diffuse took 0.795106 seconds
diffusion took 0.795115 seconds
reset took 23.8303 seconds
boundary_update took 0.00307755 seconds
do_cycle took 24.6285 seconds
full_forreductook 0.195848 seconds
total_temp took 0.195854 seconds
+	current total temperature: 5.625e+08
+ step: 2, dt:   0.04
full_for_diffuse took 0.40035 seconds
diffusion took 0.400357 seconds
reset took 23.6895 seconds
boundary_update took 0.00305221 seconds
do_cycle took 24.0929 seconds
full_forreductook 0.186387 seconds
total_temp took 0.186398 seconds
+	current total temperature: 5.625e+08
+ step: 3, dt:   0.04
full_for_diffuse took 0.391216 seconds
diffusion took 0.391222 seconds
reset took 23.6828 seconds
boundary_update took 0.00664603 seconds
do_cycle took 24.0806 seconds
full_forreductook 0.191516 seconds
total_temp took 0.191522 seconds
+	current total temperature: 5.625e+08
+ step: 4, dt:   0.04
full_for_diffuse took 0.399089 seconds
diffusion took 0.399095 seconds
reset took 23.6801 seconds
boundary_update took 0.00305327 seconds
do_cycle took 24.0822 seconds
full_forreductook 0.185888 seconds
total_temp took 0.185893 seconds
+	current total temperature: 5.625e+08
+ step: 5, dt:   0.04
full_for_diffuse took 0.389682 seconds
diffusion took 0.389688 seconds
reset took 23.6744 seconds
boundary_update took 0.00389633 seconds
do_cycle took 24.068 seconds
full_forreductook 0.185515 seconds
total_temp took 0.18552 seconds
+	current total temperature: 5.625e+08
+ step: 6, dt:   0.04
full_for_diffuse took 0.390988 seconds
diffusion took 0.390994 seconds
reset took 23.6725 seconds
boundary_update took 0.0033073 seconds
do_cycle took 24.0669 seconds
full_forreductook 0.185484 seconds
total_temp took 0.185489 seconds
+	current total temperature: 5.625e+08
+ step: 7, dt:   0.04
full_for_diffuse took 0.39127 seconds
diffusion took 0.391276 seconds
reset took 23.6714 seconds
boundary_update took 0.00301486 seconds
do_cycle took 24.0657 seconds
full_forreductook 0.186016 seconds
total_temp took 0.186021 seconds
+	current total temperature: 5.625e+08
+ step: 8, dt:   0.04
full_for_diffuse took 0.394288 seconds
diffusion took 0.394295 seconds
reset took 23.6715 seconds
boundary_update took 0.00333839 seconds
do_cycle took 24.0692 seconds
full_forreductook 0.185946 seconds
total_temp took 0.185952 seconds
+	current total temperature: 5.625e+08
+ step: 9, dt:   0.04
full_for_diffuse took 0.390939 seconds
diffusion took 0.390945 seconds
reset took 23.6697 seconds
boundary_update took 0.0040305 seconds
do_cycle took 24.0647 seconds
full_forreductook 0.185944 seconds
total_temp took 0.18595 seconds
+	current total temperature: 5.625e+08
+ step: 10, dt:   0.04
full_for_diffuse took 0.390978 seconds
diffusion took 0.390983 seconds
reset took 23.6706 seconds
boundary_update took 0.00304966 seconds
do_cycle took 24.0646 seconds
full_forreductook 0.185917 seconds
total_temp took 0.185922 seconds
+	current total temperature: 5.625e+08
+ step: 10, dt:   0.04
full_for_diffuse took 0.390875 seconds
diffusion took 0.390882 seconds
reset took 23.6671 seconds
boundary_update took 0.00302041 seconds
do_cycle took 24.061 seconds
full_forreductook 0.185464 seconds
total_temp took 0.185468 seconds
+	current total temperature: 5.625e+08
+ step: 11, dt:   0.04
full_for_diffuse took 0.39143 seconds
diffusion took 0.391435 seconds
reset took 23.6692 seconds
boundary_update took 0.00328401 seconds
do_cycle took 24.064 seconds
full_forreductook 0.185709 seconds
total_temp took 0.185714 seconds
+	current total temperature: 5.625e+08
+ step: 12, dt:   0.04
full_for_diffuse took 0.380601 seconds
diffusion took 0.380608 seconds
reset took 23.6654 seconds
boundary_update took 0.00397771 seconds
do_cycle took 24.05 seconds
full_forreductook 0.181655 seconds
total_temp took 0.181661 seconds
+	current total temperature: 5.625e+08
+ step: 13, dt:   0.04
full_for_diffuse took 0.367811 seconds
diffusion took 0.367817 seconds
reset took 23.6659 seconds
boundary_update took 0.0030563 seconds
do_cycle took 24.0368 seconds
full_forreductook 0.185724 seconds
total_temp took 0.185729 seconds
+	current total temperature: 5.625e+08
+ step: 14, dt:   0.04
full_for_diffuse took 0.389081 seconds
diffusion took 0.38909 seconds
reset took 23.6669 seconds
boundary_update took 0.00305348 seconds
do_cycle took 24.059 seconds
full_forreductook 0.186264 seconds
total_temp took 0.186269 seconds
+	current total temperature: 5.625e+08
+ step: 16, dt:   0.04
full_for_diffuse took 0.389719 seconds
diffusion took 0.389736 seconds
reset took 23.668 seconds
boundary_update took 0.00306212 seconds
do_cycle took 24.0608 seconds
full_forreductook 0.185926 seconds
total_temp took 0.185931 seconds
+	current total temperature: 5.625e+08
+ step: 17, dt:   0.04
full_for_diffuse took 0.389325 seconds
diffusion took 0.389342 seconds
reset took 23.6734 seconds
boundary_update took 0.0036189 seconds
do_cycle took 24.0664 seconds
full_forreductook 0.185954 seconds
total_temp took 0.18596 seconds
+	current total temperature: 5.625e+08
+ step: 18, dt:   0.04
full_for_diffuse took 0.390316 seconds
diffusion took 0.390322 seconds
reset took 23.6806 seconds
boundary_update took 0.00357087 seconds
do_cycle took 24.0745 seconds
full_forreductook 0.185446 seconds
total_temp took 0.185451 seconds
+	current total temperature: 5.625e+08
+ step: 19, dt:   0.04
full_for_diffuse took 0.391488 seconds
diffusion took 0.391506 seconds
reset took 23.6717 seconds
boundary_update took 0.00325749 seconds
do_cycle took 24.0665 seconds
full_forreductook 0.183323 seconds
total_temp took 0.183328 seconds
+	current total temperature: 5.625e+08
+ step: 20, dt:   0.04
full_for_diffuse took 0.391647 seconds
diffusion took 0.391665 seconds
reset took 23.6724 seconds
boundary_update took 0.00304879 seconds
do_cycle took 24.0671 seconds
full_forreductook 0.18591 seconds
total_temp took 0.185916 seconds
+	current total temperature: 5.625e+08

+++++++++++++++++++++
   Run completete.   
+++++++++++++++++++++
driver.run() took 485.616 seconds
