Loading cs402-mpi
  Loading requirement: gcc9
+++++++++++++++++++++
  Running deqn v0.1  
- input file: square_custom
- dt_max: 0.2
- initial_dt: 0.04
- start_time: 0
- end_time: 0.8
- vis_frequency: 1
- summary_frequency: 1
+++++++++++++++++++++

full_foralloc took 0.00646711 seconds
allocate update took 0.00651074 seconds
new_mesh took 0.00651713 seconds
new_diffusion took 0.0113852 seconds
+ step: 1, dt:   0.04
full_for_diffuse took 0.0321202 seconds
diffusion took 0.0321422 seconds
reset took 0.0145341 seconds
boundary_update took 9.8073e-05 seconds
do_cycle took 0.0467832 seconds
full_forreductook 0.00993961 seconds
total_temp took 0.00994491 seconds
+	current total temperature: 2.25e+07
+ step: 2, dt:   0.04
full_for_diffuse took 0.0125082 seconds
diffusion took 0.0125141 seconds
reset took 0.0135428 seconds
boundary_update took 9.0233e-05 seconds
do_cycle took 0.0261563 seconds
full_forreductook 0.00937295 seconds
total_temp took 0.00937755 seconds
+	current total temperature: 2.25e+07
+ step: 3, dt:   0.04
full_for_diffuse took 0.0122092 seconds
diffusion took 0.0122144 seconds
reset took 0.0132998 seconds
boundary_update took 8.8199e-05 seconds
do_cycle took 0.0256145 seconds
full_forreductook 0.00924704 seconds
total_temp took 0.00925211 seconds
+	current total temperature: 2.25e+07
+ step: 4, dt:   0.04
full_for_diffuse took 0.0120998 seconds
diffusion took 0.0121047 seconds
reset took 0.0133957 seconds
boundary_update took 8.6173e-05 seconds
do_cycle took 0.0255937 seconds
full_forreductook 0.00936858 seconds
total_temp took 0.00937363 seconds
+	current total temperature: 2.25e+07
+ step: 5, dt:   0.04
full_for_diffuse took 0.0120868 seconds
diffusion took 0.0120908 seconds
reset took 0.013411 seconds
boundary_update took 8.7086e-05 seconds
do_cycle took 0.0255953 seconds
full_forreductook 0.00935722 seconds
total_temp took 0.00936227 seconds
+	current total temperature: 2.25e+07
+ step: 6, dt:   0.04
full_for_diffuse took 0.0122007 seconds
diffusion took 0.0122055 seconds
reset took 0.01336 seconds
boundary_update took 8.6951e-05 seconds
do_cycle took 0.0256594 seconds
full_forreductook 0.00941639 seconds
total_temp took 0.00942144 seconds
+	current total temperature: 2.25e+07
+ step: 7, dt:   0.04
full_for_diffuse took 0.0122706 seconds
diffusion took 0.0122755 seconds
reset took 0.0134264 seconds
boundary_update took 8.7374e-05 seconds
do_cycle took 0.0257957 seconds
full_forreductook 0.00943302 seconds
total_temp took 0.00943817 seconds
+	current total temperature: 2.25e+07
+ step: 8, dt:   0.04
full_for_diffuse took 0.0121999 seconds
diffusion took 0.0122052 seconds
reset took 0.0133652 seconds
boundary_update took 8.718e-05 seconds
do_cycle took 0.0256643 seconds
full_forreductook 0.00945207 seconds
total_temp took 0.00945657 seconds
+	current total temperature: 2.25e+07
+ step: 9, dt:   0.04
full_for_diffuse took 0.0122923 seconds
diffusion took 0.0122969 seconds
reset took 0.0133774 seconds
boundary_update took 8.8672e-05 seconds
do_cycle took 0.0257691 seconds
full_forreductook 0.00943836 seconds
total_temp took 0.00944329 seconds
+	current total temperature: 2.25e+07
+ step: 10, dt:   0.04
full_for_diffuse took 0.0122015 seconds
diffusion took 0.0122063 seconds
reset took 0.0134813 seconds
boundary_update took 8.797e-05 seconds
do_cycle took 0.0257817 seconds
full_forreductook 0.00932466 seconds
total_temp took 0.0093293 seconds
+	current total temperature: 2.25e+07
+ step: 10, dt:   0.04
full_for_diffuse took 0.012092 seconds
diffusion took 0.0120965 seconds
reset took 0.0133565 seconds
boundary_update took 8.9267e-05 seconds
do_cycle took 0.0255487 seconds
full_forreductook 0.00936624 seconds
total_temp took 0.00937054 seconds
+	current total temperature: 2.25e+07
+ step: 11, dt:   0.04
full_for_diffuse took 0.0122627 seconds
diffusion took 0.0122669 seconds
reset took 0.0133541 seconds
boundary_update took 8.8022e-05 seconds
do_cycle took 0.0257152 seconds
full_forreductook 0.00929948 seconds
total_temp took 0.00930427 seconds
+	current total temperature: 2.25e+07
+ step: 12, dt:   0.04
full_for_diffuse took 0.0121517 seconds
diffusion took 0.0121557 seconds
reset took 0.0133483 seconds
boundary_update took 9.0407e-05 seconds
do_cycle took 0.0256005 seconds
full_forreductook 0.0093984 seconds
total_temp took 0.00940372 seconds
+	current total temperature: 2.25e+07
+ step: 13, dt:   0.04
full_for_diffuse took 0.0121917 seconds
diffusion took 0.0121963 seconds
reset took 0.0134251 seconds
boundary_update took 8.7508e-05 seconds
do_cycle took 0.0257157 seconds
full_forreductook 0.00925306 seconds
total_temp took 0.00925799 seconds
+	current total temperature: 2.25e+07
+ step: 14, dt:   0.04
full_for_diffuse took 0.0121641 seconds
diffusion took 0.0121689 seconds
reset took 0.0133363 seconds
boundary_update took 9.1916e-05 seconds
do_cycle took 0.0256037 seconds
full_forreductook 0.00922455 seconds
total_temp took 0.00922948 seconds
+	current total temperature: 2.25e+07
+ step: 16, dt:   0.04
full_for_diffuse took 0.0122081 seconds
diffusion took 0.012213 seconds
reset took 0.0133647 seconds
boundary_update took 8.9609e-05 seconds
do_cycle took 0.0256735 seconds
full_forreductook 0.00927485 seconds
total_temp took 0.00927921 seconds
+	current total temperature: 2.25e+07
+ step: 17, dt:   0.04
full_for_diffuse took 0.0120454 seconds
diffusion took 0.0120499 seconds
reset took 0.0132675 seconds
boundary_update took 8.5951e-05 seconds
do_cycle took 0.0254103 seconds
full_forreductook 0.00934061 seconds
total_temp took 0.00934473 seconds
+	current total temperature: 2.25e+07
+ step: 18, dt:   0.04
full_for_diffuse took 0.0122679 seconds
diffusion took 0.0122727 seconds
reset took 0.0133388 seconds
boundary_update took 8.9512e-05 seconds
do_cycle took 0.0257073 seconds
full_forreductook 0.00929596 seconds
total_temp took 0.00930054 seconds
+	current total temperature: 2.25e+07
+ step: 19, dt:   0.04
full_for_diffuse took 0.0121915 seconds
diffusion took 0.0121965 seconds
reset took 0.0134205 seconds
boundary_update took 8.6182e-05 seconds
do_cycle took 0.0257098 seconds
full_forreductook 0.00923932 seconds
total_temp took 0.00924347 seconds
+	current total temperature: 2.25e+07
+ step: 20, dt:   0.04
full_for_diffuse took 0.0121875 seconds
diffusion took 0.012192 seconds
reset took 0.0133388 seconds
boundary_update took 8.8819e-05 seconds
do_cycle took 0.0256259 seconds
full_forreductook 0.00933636 seconds
total_temp took 0.0093408 seconds
+	current total temperature: 2.25e+07

+++++++++++++++++++++
   Run completete.   
+++++++++++++++++++++
driver.run() took 0.722577 seconds
